This file contains any messages produced by compilers while
running configure, to aid debugging if configure makes a mistake.

It was created by ELF_Linker configure 1.0, which was
generated by GNU Autoconf 2.69.  Invocation command line was

  $ ./configure 

## --------- ##
## Platform. ##
## --------- ##

hostname = ubuntu-virtual
uname -m = x86_64
uname -r = 5.15.0-57-generic
uname -s = Linux
uname -v = #63-Ubuntu SMP Thu Nov 24 13:43:17 UTC 2022

/usr/bin/uname -p = x86_64
/bin/uname -X     = unknown

/bin/arch              = x86_64
/usr/bin/arch -k       = unknown
/usr/convex/getsysinfo = unknown
/usr/bin/hostinfo      = unknown
/bin/machine           = unknown
/usr/bin/oslevel       = unknown
/bin/universe          = unknown

PATH: /usr/local/sbin
PATH: /usr/local/bin
PATH: /usr/sbin
PATH: /usr/bin
PATH: /sbin
PATH: /bin
PATH: /usr/games
PATH: /usr/local/games
PATH: /snap/bin
PATH: /snap/bin


## ----------- ##
## Core tests. ##
## ----------- ##

configure:2405: checking for a BSD-compatible install
configure:2473: result: /usr/bin/install -c
configure:2484: checking whether build environment is sane
configure:2539: result: yes
configure:2690: checking for a thread-safe mkdir -p
configure:2729: result: /usr/bin/mkdir -p
configure:2736: checking for gawk
configure:2766: result: no
configure:2736: checking for mawk
configure:2752: found /usr/bin/mawk
configure:2763: result: mawk
configure:2774: checking whether make sets $(MAKE)
configure:2796: result: yes
configure:2825: checking whether make supports nested variables
configure:2842: result: yes
configure:3020: checking for gcc
configure:3036: found /usr/bin/gcc
configure:3047: result: gcc
configure:3276: checking for C compiler version
configure:3285: gcc --version >&5
gcc (Ubuntu 11.3.0-1ubuntu1~22.04) 11.3.0
Copyright (C) 2021 Free Software Foundation, Inc.
This is free software; see the source for copying conditions.  There is NO
warranty; not even for MERCHANTABILITY or FITNESS FOR A PARTICULAR PURPOSE.

configure:3296: $? = 0
configure:3285: gcc -v >&5
Using built-in specs.
COLLECT_GCC=gcc
COLLECT_LTO_WRAPPER=/usr/lib/gcc/x86_64-linux-gnu/11/lto-wrapper
OFFLOAD_TARGET_NAMES=nvptx-none:amdgcn-amdhsa
OFFLOAD_TARGET_DEFAULT=1
Target: x86_64-linux-gnu
Configured with: ../src/configure -v --with-pkgversion='Ubuntu 11.3.0-1ubuntu1~22.04' --with-bugurl=file:///usr/share/doc/gcc-11/README.Bugs --enable-languages=c,ada,c++,go,brig,d,fortran,objc,obj-c++,m2 --prefix=/usr --with-gcc-major-version-only --program-suffix=-11 --program-prefix=x86_64-linux-gnu- --enable-shared --enable-linker-build-id --libexecdir=/usr/lib --without-included-gettext --enable-threads=posix --libdir=/usr/lib --enable-nls --enable-bootstrap --enable-clocale=gnu --enable-libstdcxx-debug --enable-libstdcxx-time=yes --with-default-libstdcxx-abi=new --enable-gnu-unique-object --disable-vtable-verify --enable-plugin --enable-default-pie --with-system-zlib --enable-libphobos-checking=release --with-target-system-zlib=auto --enable-objc-gc=auto --enable-multiarch --disable-werror --enable-cet --with-arch-32=i686 --with-abi=m64 --with-multilib-list=m32,m64,mx32 --enable-multilib --with-tune=generic --enable-offload-targets=nvptx-none=/build/gcc-11-xKiWfi/gcc-11-11.3.0/debian/tmp-nvptx/usr,amdgcn-amdhsa=/build/gcc-11-xKiWfi/gcc-11-11.3.0/debian/tmp-gcn/usr --without-cuda-driver --enable-checking=release --build=x86_64-linux-gnu --host=x86_64-linux-gnu --target=x86_64-linux-gnu --with-build-config=bootstrap-lto-lean --enable-link-serialization=2
Thread model: posix
Supported LTO compression algorithms: zlib zstd
gcc version 11.3.0 (Ubuntu 11.3.0-1ubuntu1~22.04) 
... rest of stderr output deleted ...
configure:3296: $? = 0
configure:3285: gcc -V >&5
gcc: error: unrecognized command-line option '-V'
gcc: fatal error: no input files
compilation terminated.
configure:3296: $? = 1
configure:3285: gcc -qversion >&5
gcc: error: unrecognized command-line option '-qversion'; did you mean '--version'?
gcc: fatal error: no input files
compilation terminated.
configure:3296: $? = 1
configure:3316: checking whether the C compiler works
configure:3338: gcc    conftest.c  >&5
configure:3342: $? = 0
configure:3390: result: yes
configure:3393: checking for C compiler default output file name
configure:3395: result: a.out
configure:3401: checking for suffix of executables
configure:3408: gcc -o conftest    conftest.c  >&5
configure:3412: $? = 0
configure:3434: result: 
configure:3456: checking whether we are cross compiling
configure:3464: gcc -o conftest    conftest.c  >&5
configure:3468: $? = 0
configure:3475: ./conftest
configure:3479: $? = 0
configure:3494: result: no
configure:3499: checking for suffix of object files
configure:3521: gcc -c   conftest.c >&5
configure:3525: $? = 0
configure:3546: result: o
configure:3550: checking whether we are using the GNU C compiler
configure:3569: gcc -c   conftest.c >&5
configure:3569: $? = 0
configure:3578: result: yes
configure:3587: checking whether gcc accepts -g
configure:3607: gcc -c -g  conftest.c >&5
configure:3607: $? = 0
configure:3648: result: yes
configure:3665: checking for gcc option to accept ISO C89
configure:3728: gcc  -c -g -O2  conftest.c >&5
configure:3728: $? = 0
configure:3741: result: none needed
configure:3766: checking whether gcc understands -c and -o together
configure:3788: gcc -c conftest.c -o conftest2.o
configure:3791: $? = 0
configure:3788: gcc -c conftest.c -o conftest2.o
configure:3791: $? = 0
configure:3803: result: yes
configure:3823: checking whether make supports the include directive
configure:3838: make -f confmf.GNU && cat confinc.out
this is the am__doit target
configure:3841: $? = 0
configure:3860: result: yes (GNU style)
configure:3885: checking dependency style of gcc
configure:3996: result: gcc3
configure:4016: checking for flex
configure:4046: result: no
configure:4016: checking for lex
configure:4046: result: no
configure:4183: checking how to run the C preprocessor
configure:4214: gcc -E  conftest.c
configure:4214: $? = 0
configure:4228: gcc -E  conftest.c
conftest.c:11:10: fatal error: ac_nonexistent.h: No such file or directory
   11 | #include <ac_nonexistent.h>
      |          ^~~~~~~~~~~~~~~~~~
compilation terminated.
configure:4228: $? = 1
configure: failed program was:
| /* confdefs.h */
| #define PACKAGE_NAME "ELF_Linker"
| #define PACKAGE_TARNAME "elf_linker"
| #define PACKAGE_VERSION "1.0"
| #define PACKAGE_STRING "ELF_Linker 1.0"
| #define PACKAGE_BUGREPORT "Guillaume.Huard@imag.fr"
| #define PACKAGE_URL ""
| #define PACKAGE "elf_linker"
| #define VERSION "1.0"
| /* end confdefs.h.  */
| #include <ac_nonexistent.h>
configure:4253: result: gcc -E
configure:4273: gcc -E  conftest.c
configure:4273: $? = 0
configure:4287: gcc -E  conftest.c
conftest.c:11:10: fatal error: ac_nonexistent.h: No such file or directory
   11 | #include <ac_nonexistent.h>
      |          ^~~~~~~~~~~~~~~~~~
compilation terminated.
configure:4287: $? = 1
configure: failed program was:
| /* confdefs.h */
| #define PACKAGE_NAME "ELF_Linker"
| #define PACKAGE_TARNAME "elf_linker"
| #define PACKAGE_VERSION "1.0"
| #define PACKAGE_STRING "ELF_Linker 1.0"
| #define PACKAGE_BUGREPORT "Guillaume.Huard@imag.fr"
| #define PACKAGE_URL ""
| #define PACKAGE "elf_linker"
| #define VERSION "1.0"
| /* end confdefs.h.  */
| #include <ac_nonexistent.h>
configure:4316: checking for grep that handles long lines and -e
configure:4374: result: /usr/bin/grep
configure:4379: checking for egrep
configure:4441: result: /usr/bin/grep -E
configure:4446: checking for ANSI C header files
configure:4466: gcc -c -g -O2  conftest.c >&5
configure:4466: $? = 0
configure:4539: gcc -o conftest -g -O2   conftest.c  >&5
configure:4539: $? = 0
configure:4539: ./conftest
configure:4539: $? = 0
configure:4550: result: yes
configure:4563: checking for sys/types.h
configure:4563: gcc -c -g -O2  conftest.c >&5
configure:4563: $? = 0
configure:4563: result: yes
configure:4563: checking for sys/stat.h
configure:4563: gcc -c -g -O2  conftest.c >&5
configure:4563: $? = 0
configure:4563: result: yes
configure:4563: checking for stdlib.h
configure:4563: gcc -c -g -O2  conftest.c >&5
configure:4563: $? = 0
configure:4563: result: yes
configure:4563: checking for string.h
configure:4563: gcc -c -g -O2  conftest.c >&5
configure:4563: $? = 0
configure:4563: result: yes
configure:4563: checking for memory.h
configure:4563: gcc -c -g -O2  conftest.c >&5
configure:4563: $? = 0
configure:4563: result: yes
configure:4563: checking for strings.h
configure:4563: gcc -c -g -O2  conftest.c >&5
configure:4563: $? = 0
configure:4563: result: yes
configure:4563: checking for inttypes.h
configure:4563: gcc -c -g -O2  conftest.c >&5
configure:4563: $? = 0
configure:4563: result: yes
configure:4563: checking for stdint.h
configure:4563: gcc -c -g -O2  conftest.c >&5
configure:4563: $? = 0
configure:4563: result: yes
configure:4563: checking for unistd.h
configure:4563: gcc -c -g -O2  conftest.c >&5
configure:4563: $? = 0
configure:4563: result: yes
configure:4578: checking arpa/inet.h usability
configure:4578: gcc -c -g -O2  conftest.c >&5
configure:4578: $? = 0
configure:4578: result: yes
configure:4578: checking arpa/inet.h presence
configure:4578: gcc -E  conftest.c
configure:4578: $? = 0
configure:4578: result: yes
configure:4578: checking for arpa/inet.h
configure:4578: result: yes
configure:4578: checking fcntl.h usability
configure:4578: gcc -c -g -O2  conftest.c >&5
configure:4578: $? = 0
configure:4578: result: yes
configure:4578: checking fcntl.h presence
configure:4578: gcc -E  conftest.c
configure:4578: $? = 0
configure:4578: result: yes
configure:4578: checking for fcntl.h
configure:4578: result: yes
configure:4578: checking for inttypes.h
configure:4578: result: yes
configure:4578: checking netdb.h usability
configure:4578: gcc -c -g -O2  conftest.c >&5
configure:4578: $? = 0
configure:4578: result: yes
configure:4578: checking netdb.h presence
configure:4578: gcc -E  conftest.c
configure:4578: $? = 0
configure:4578: result: yes
configure:4578: checking for netdb.h
configure:4578: result: yes
configure:4578: checking netinet/in.h usability
configure:4578: gcc -c -g -O2  conftest.c >&5
configure:4578: $? = 0
configure:4578: result: yes
configure:4578: checking netinet/in.h presence
configure:4578: gcc -E  conftest.c
configure:4578: $? = 0
configure:4578: result: yes
configure:4578: checking for netinet/in.h
configure:4578: result: yes
configure:4578: checking for stdlib.h
configure:4578: result: yes
configure:4578: checking for string.h
configure:4578: result: yes
configure:4578: checking for strings.h
configure:4578: result: yes
configure:4578: checking sys/socket.h usability
configure:4578: gcc -c -g -O2  conftest.c >&5
configure:4578: $? = 0
configure:4578: result: yes
configure:4578: checking sys/socket.h presence
configure:4578: gcc -E  conftest.c
configure:4578: $? = 0
configure:4578: result: yes
configure:4578: checking for sys/socket.h
configure:4578: result: yes
configure:4578: checking sys/time.h usability
configure:4578: gcc -c -g -O2  conftest.c >&5
configure:4578: $? = 0
configure:4578: result: yes
configure:4578: checking sys/time.h presence
configure:4578: gcc -E  conftest.c
configure:4578: $? = 0
configure:4578: result: yes
configure:4578: checking for sys/time.h
configure:4578: result: yes
configure:4578: checking for unistd.h
configure:4578: result: yes
configure:4590: checking for mode_t
configure:4590: gcc -c -g -O2  conftest.c >&5
configure:4590: $? = 0
configure:4590: gcc -c -g -O2  conftest.c >&5
conftest.c: In function 'main':
conftest.c:68:21: error: expected expression before ')' token
   68 | if (sizeof ((mode_t)))
      |                     ^
configure:4590: $? = 1
configure: failed program was:
| /* confdefs.h */
| #define PACKAGE_NAME "ELF_Linker"
| #define PACKAGE_TARNAME "elf_linker"
| #define PACKAGE_VERSION "1.0"
| #define PACKAGE_STRING "ELF_Linker 1.0"
| #define PACKAGE_BUGREPORT "Guillaume.Huard@imag.fr"
| #define PACKAGE_URL ""
| #define PACKAGE "elf_linker"
| #define VERSION "1.0"
| #define STDC_HEADERS 1
| #define HAVE_SYS_TYPES_H 1
| #define HAVE_SYS_STAT_H 1
| #define HAVE_STDLIB_H 1
| #define HAVE_STRING_H 1
| #define HAVE_MEMORY_H 1
| #define HAVE_STRINGS_H 1
| #define HAVE_INTTYPES_H 1
| #define HAVE_STDINT_H 1
| #define HAVE_UNISTD_H 1
| #define HAVE_ARPA_INET_H 1
| #define HAVE_FCNTL_H 1
| #define HAVE_INTTYPES_H 1
| #define HAVE_NETDB_H 1
| #define HAVE_NETINET_IN_H 1
| #define HAVE_STDLIB_H 1
| #define HAVE_STRING_H 1
| #define HAVE_STRINGS_H 1
| #define HAVE_SYS_SOCKET_H 1
| #define HAVE_SYS_TIME_H 1
| #define HAVE_UNISTD_H 1
| /* end confdefs.h.  */
| #include <stdio.h>
| #ifdef HAVE_SYS_TYPES_H
| # include <sys/types.h>
| #endif
| #ifdef HAVE_SYS_STAT_H
| # include <sys/stat.h>
| #endif
| #ifdef STDC_HEADERS
| # include <stdlib.h>
| # include <stddef.h>
| #else
| # ifdef HAVE_STDLIB_H
| #  include <stdlib.h>
| # endif
| #endif
| #ifdef HAVE_STRING_H
| # if !defined STDC_HEADERS && defined HAVE_MEMORY_H
| #  include <memory.h>
| # endif
| # include <string.h>
| #endif
| #ifdef HAVE_STRINGS_H
| # include <strings.h>
| #endif
| #ifdef HAVE_INTTYPES_H
| # include <inttypes.h>
| #endif
| #ifdef HAVE_STDINT_H
| # include <stdint.h>
| #endif
| #ifdef HAVE_UNISTD_H
| # include <unistd.h>
| #endif
| int
| main ()
| {
| if (sizeof ((mode_t)))
| 	    return 0;
|   ;
|   return 0;
| }
configure:4590: result: yes
configure:4601: checking for off_t
configure:4601: gcc -c -g -O2  conftest.c >&5
configure:4601: $? = 0
configure:4601: gcc -c -g -O2  conftest.c >&5
conftest.c: In function 'main':
conftest.c:68:20: error: expected expression before ')' token
   68 | if (sizeof ((off_t)))
      |                    ^
configure:4601: $? = 1
configure: failed program was:
| /* confdefs.h */
| #define PACKAGE_NAME "ELF_Linker"
| #define PACKAGE_TARNAME "elf_linker"
| #define PACKAGE_VERSION "1.0"
| #define PACKAGE_STRING "ELF_Linker 1.0"
| #define PACKAGE_BUGREPORT "Guillaume.Huard@imag.fr"
| #define PACKAGE_URL ""
| #define PACKAGE "elf_linker"
| #define VERSION "1.0"
| #define STDC_HEADERS 1
| #define HAVE_SYS_TYPES_H 1
| #define HAVE_SYS_STAT_H 1
| #define HAVE_STDLIB_H 1
| #define HAVE_STRING_H 1
| #define HAVE_MEMORY_H 1
| #define HAVE_STRINGS_H 1
| #define HAVE_INTTYPES_H 1
| #define HAVE_STDINT_H 1
| #define HAVE_UNISTD_H 1
| #define HAVE_ARPA_INET_H 1
| #define HAVE_FCNTL_H 1
| #define HAVE_INTTYPES_H 1
| #define HAVE_NETDB_H 1
| #define HAVE_NETINET_IN_H 1
| #define HAVE_STDLIB_H 1
| #define HAVE_STRING_H 1
| #define HAVE_STRINGS_H 1
| #define HAVE_SYS_SOCKET_H 1
| #define HAVE_SYS_TIME_H 1
| #define HAVE_UNISTD_H 1
| /* end confdefs.h.  */
| #include <stdio.h>
| #ifdef HAVE_SYS_TYPES_H
| # include <sys/types.h>
| #endif
| #ifdef HAVE_SYS_STAT_H
| # include <sys/stat.h>
| #endif
| #ifdef STDC_HEADERS
| # include <stdlib.h>
| # include <stddef.h>
| #else
| # ifdef HAVE_STDLIB_H
| #  include <stdlib.h>
| # endif
| #endif
| #ifdef HAVE_STRING_H
| # if !defined STDC_HEADERS && defined HAVE_MEMORY_H
| #  include <memory.h>
| # endif
| # include <string.h>
| #endif
| #ifdef HAVE_STRINGS_H
| # include <strings.h>
| #endif
| #ifdef HAVE_INTTYPES_H
| # include <inttypes.h>
| #endif
| #ifdef HAVE_STDINT_H
| # include <stdint.h>
| #endif
| #ifdef HAVE_UNISTD_H
| # include <unistd.h>
| #endif
| int
| main ()
| {
| if (sizeof ((off_t)))
| 	    return 0;
|   ;
|   return 0;
| }
configure:4601: result: yes
configure:4612: checking for pid_t
configure:4612: gcc -c -g -O2  conftest.c >&5
configure:4612: $? = 0
configure:4612: gcc -c -g -O2  conftest.c >&5
conftest.c: In function 'main':
conftest.c:68:20: error: expected expression before ')' token
   68 | if (sizeof ((pid_t)))
      |                    ^
configure:4612: $? = 1
configure: failed program was:
| /* confdefs.h */
| #define PACKAGE_NAME "ELF_Linker"
| #define PACKAGE_TARNAME "elf_linker"
| #define PACKAGE_VERSION "1.0"
| #define PACKAGE_STRING "ELF_Linker 1.0"
| #define PACKAGE_BUGREPORT "Guillaume.Huard@imag.fr"
| #define PACKAGE_URL ""
| #define PACKAGE "elf_linker"
| #define VERSION "1.0"
| #define STDC_HEADERS 1
| #define HAVE_SYS_TYPES_H 1
| #define HAVE_SYS_STAT_H 1
| #define HAVE_STDLIB_H 1
| #define HAVE_STRING_H 1
| #define HAVE_MEMORY_H 1
| #define HAVE_STRINGS_H 1
| #define HAVE_INTTYPES_H 1
| #define HAVE_STDINT_H 1
| #define HAVE_UNISTD_H 1
| #define HAVE_ARPA_INET_H 1
| #define HAVE_FCNTL_H 1
| #define HAVE_INTTYPES_H 1
| #define HAVE_NETDB_H 1
| #define HAVE_NETINET_IN_H 1
| #define HAVE_STDLIB_H 1
| #define HAVE_STRING_H 1
| #define HAVE_STRINGS_H 1
| #define HAVE_SYS_SOCKET_H 1
| #define HAVE_SYS_TIME_H 1
| #define HAVE_UNISTD_H 1
| /* end confdefs.h.  */
| #include <stdio.h>
| #ifdef HAVE_SYS_TYPES_H
| # include <sys/types.h>
| #endif
| #ifdef HAVE_SYS_STAT_H
| # include <sys/stat.h>
| #endif
| #ifdef STDC_HEADERS
| # include <stdlib.h>
| # include <stddef.h>
| #else
| # ifdef HAVE_STDLIB_H
| #  include <stdlib.h>
| # endif
| #endif
| #ifdef HAVE_STRING_H
| # if !defined STDC_HEADERS && defined HAVE_MEMORY_H
| #  include <memory.h>
| # endif
| # include <string.h>
| #endif
| #ifdef HAVE_STRINGS_H
| # include <strings.h>
| #endif
| #ifdef HAVE_INTTYPES_H
| # include <inttypes.h>
| #endif
| #ifdef HAVE_STDINT_H
| # include <stdint.h>
| #endif
| #ifdef HAVE_UNISTD_H
| # include <unistd.h>
| #endif
| int
| main ()
| {
| if (sizeof ((pid_t)))
| 	    return 0;
|   ;
|   return 0;
| }
configure:4612: result: yes
configure:4623: checking for size_t
configure:4623: gcc -c -g -O2  conftest.c >&5
configure:4623: $? = 0
configure:4623: gcc -c -g -O2  conftest.c >&5
conftest.c: In function 'main':
conftest.c:68:21: error: expected expression before ')' token
   68 | if (sizeof ((size_t)))
      |                     ^
configure:4623: $? = 1
configure: failed program was:
| /* confdefs.h */
| #define PACKAGE_NAME "ELF_Linker"
| #define PACKAGE_TARNAME "elf_linker"
| #define PACKAGE_VERSION "1.0"
| #define PACKAGE_STRING "ELF_Linker 1.0"
| #define PACKAGE_BUGREPORT "Guillaume.Huard@imag.fr"
| #define PACKAGE_URL ""
| #define PACKAGE "elf_linker"
| #define VERSION "1.0"
| #define STDC_HEADERS 1
| #define HAVE_SYS_TYPES_H 1
| #define HAVE_SYS_STAT_H 1
| #define HAVE_STDLIB_H 1
| #define HAVE_STRING_H 1
| #define HAVE_MEMORY_H 1
| #define HAVE_STRINGS_H 1
| #define HAVE_INTTYPES_H 1
| #define HAVE_STDINT_H 1
| #define HAVE_UNISTD_H 1
| #define HAVE_ARPA_INET_H 1
| #define HAVE_FCNTL_H 1
| #define HAVE_INTTYPES_H 1
| #define HAVE_NETDB_H 1
| #define HAVE_NETINET_IN_H 1
| #define HAVE_STDLIB_H 1
| #define HAVE_STRING_H 1
| #define HAVE_STRINGS_H 1
| #define HAVE_SYS_SOCKET_H 1
| #define HAVE_SYS_TIME_H 1
| #define HAVE_UNISTD_H 1
| /* end confdefs.h.  */
| #include <stdio.h>
| #ifdef HAVE_SYS_TYPES_H
| # include <sys/types.h>
| #endif
| #ifdef HAVE_SYS_STAT_H
| # include <sys/stat.h>
| #endif
| #ifdef STDC_HEADERS
| # include <stdlib.h>
| # include <stddef.h>
| #else
| # ifdef HAVE_STDLIB_H
| #  include <stdlib.h>
| # endif
| #endif
| #ifdef HAVE_STRING_H
| # if !defined STDC_HEADERS && defined HAVE_MEMORY_H
| #  include <memory.h>
| # endif
| # include <string.h>
| #endif
| #ifdef HAVE_STRINGS_H
| # include <strings.h>
| #endif
| #ifdef HAVE_INTTYPES_H
| # include <inttypes.h>
| #endif
| #ifdef HAVE_STDINT_H
| # include <stdint.h>
| #endif
| #ifdef HAVE_UNISTD_H
| # include <unistd.h>
| #endif
| int
| main ()
| {
| if (sizeof ((size_t)))
| 	    return 0;
|   ;
|   return 0;
| }
configure:4623: result: yes
configure:4634: checking for ssize_t
configure:4634: gcc -c -g -O2  conftest.c >&5
configure:4634: $? = 0
configure:4634: gcc -c -g -O2  conftest.c >&5
conftest.c: In function 'main':
conftest.c:68:22: error: expected expression before ')' token
   68 | if (sizeof ((ssize_t)))
      |                      ^
configure:4634: $? = 1
configure: failed program was:
| /* confdefs.h */
| #define PACKAGE_NAME "ELF_Linker"
| #define PACKAGE_TARNAME "elf_linker"
| #define PACKAGE_VERSION "1.0"
| #define PACKAGE_STRING "ELF_Linker 1.0"
| #define PACKAGE_BUGREPORT "Guillaume.Huard@imag.fr"
| #define PACKAGE_URL ""
| #define PACKAGE "elf_linker"
| #define VERSION "1.0"
| #define STDC_HEADERS 1
| #define HAVE_SYS_TYPES_H 1
| #define HAVE_SYS_STAT_H 1
| #define HAVE_STDLIB_H 1
| #define HAVE_STRING_H 1
| #define HAVE_MEMORY_H 1
| #define HAVE_STRINGS_H 1
| #define HAVE_INTTYPES_H 1
| #define HAVE_STDINT_H 1
| #define HAVE_UNISTD_H 1
| #define HAVE_ARPA_INET_H 1
| #define HAVE_FCNTL_H 1
| #define HAVE_INTTYPES_H 1
| #define HAVE_NETDB_H 1
| #define HAVE_NETINET_IN_H 1
| #define HAVE_STDLIB_H 1
| #define HAVE_STRING_H 1
| #define HAVE_STRINGS_H 1
| #define HAVE_SYS_SOCKET_H 1
| #define HAVE_SYS_TIME_H 1
| #define HAVE_UNISTD_H 1
| /* end confdefs.h.  */
| #include <stdio.h>
| #ifdef HAVE_SYS_TYPES_H
| # include <sys/types.h>
| #endif
| #ifdef HAVE_SYS_STAT_H
| # include <sys/stat.h>
| #endif
| #ifdef STDC_HEADERS
| # include <stdlib.h>
| # include <stddef.h>
| #else
| # ifdef HAVE_STDLIB_H
| #  include <stdlib.h>
| # endif
| #endif
| #ifdef HAVE_STRING_H
| # if !defined STDC_HEADERS && defined HAVE_MEMORY_H
| #  include <memory.h>
| # endif
| # include <string.h>
| #endif
| #ifdef HAVE_STRINGS_H
| # include <strings.h>
| #endif
| #ifdef HAVE_INTTYPES_H
| # include <inttypes.h>
| #endif
| #ifdef HAVE_STDINT_H
| # include <stdint.h>
| #endif
| #ifdef HAVE_UNISTD_H
| # include <unistd.h>
| #endif
| int
| main ()
| {
| if (sizeof ((ssize_t)))
| 	    return 0;
|   ;
|   return 0;
| }
configure:4634: result: yes
configure:4645: checking for int8_t
configure:4645: gcc -c -g -O2  conftest.c >&5
configure:4645: $? = 0
configure:4645: gcc -c -g -O2  conftest.c >&5
conftest.c: In function 'main':
conftest.c:69:12: error: size of array 'test_array' is negative
   69 | static int test_array [1 - 2 * !((int8_t) (((((int8_t) 1 << N) << N) - 1) * 2 + 1)
      |            ^~~~~~~~~~
configure:4645: $? = 1
configure: failed program was:
| /* confdefs.h */
| #define PACKAGE_NAME "ELF_Linker"
| #define PACKAGE_TARNAME "elf_linker"
| #define PACKAGE_VERSION "1.0"
| #define PACKAGE_STRING "ELF_Linker 1.0"
| #define PACKAGE_BUGREPORT "Guillaume.Huard@imag.fr"
| #define PACKAGE_URL ""
| #define PACKAGE "elf_linker"
| #define VERSION "1.0"
| #define STDC_HEADERS 1
| #define HAVE_SYS_TYPES_H 1
| #define HAVE_SYS_STAT_H 1
| #define HAVE_STDLIB_H 1
| #define HAVE_STRING_H 1
| #define HAVE_MEMORY_H 1
| #define HAVE_STRINGS_H 1
| #define HAVE_INTTYPES_H 1
| #define HAVE_STDINT_H 1
| #define HAVE_UNISTD_H 1
| #define HAVE_ARPA_INET_H 1
| #define HAVE_FCNTL_H 1
| #define HAVE_INTTYPES_H 1
| #define HAVE_NETDB_H 1
| #define HAVE_NETINET_IN_H 1
| #define HAVE_STDLIB_H 1
| #define HAVE_STRING_H 1
| #define HAVE_STRINGS_H 1
| #define HAVE_SYS_SOCKET_H 1
| #define HAVE_SYS_TIME_H 1
| #define HAVE_UNISTD_H 1
| /* end confdefs.h.  */
| #include <stdio.h>
| #ifdef HAVE_SYS_TYPES_H
| # include <sys/types.h>
| #endif
| #ifdef HAVE_SYS_STAT_H
| # include <sys/stat.h>
| #endif
| #ifdef STDC_HEADERS
| # include <stdlib.h>
| # include <stddef.h>
| #else
| # ifdef HAVE_STDLIB_H
| #  include <stdlib.h>
| # endif
| #endif
| #ifdef HAVE_STRING_H
| # if !defined STDC_HEADERS && defined HAVE_MEMORY_H
| #  include <memory.h>
| # endif
| # include <string.h>
| #endif
| #ifdef HAVE_STRINGS_H
| # include <strings.h>
| #endif
| #ifdef HAVE_INTTYPES_H
| # include <inttypes.h>
| #endif
| #ifdef HAVE_STDINT_H
| # include <stdint.h>
| #endif
| #ifdef HAVE_UNISTD_H
| # include <unistd.h>
| #endif
| 	        enum { N = 8 / 2 - 1 };
| int
| main ()
| {
| static int test_array [1 - 2 * !((int8_t) (((((int8_t) 1 << N) << N) - 1) * 2 + 1)
| 		 < (int8_t) (((((int8_t) 1 << N) << N) - 1) * 2 + 2))];
| test_array [0] = 0;
| return test_array [0];
| 
|   ;
|   return 0;
| }
configure:4645: result: yes
configure:4656: checking for int16_t
configure:4656: gcc -c -g -O2  conftest.c >&5
configure:4656: $? = 0
configure:4656: gcc -c -g -O2  conftest.c >&5
conftest.c: In function 'main':
conftest.c:69:12: error: size of array 'test_array' is negative
   69 | static int test_array [1 - 2 * !((int16_t) (((((int16_t) 1 << N) << N) - 1) * 2 + 1)
      |            ^~~~~~~~~~
configure:4656: $? = 1
configure: failed program was:
| /* confdefs.h */
| #define PACKAGE_NAME "ELF_Linker"
| #define PACKAGE_TARNAME "elf_linker"
| #define PACKAGE_VERSION "1.0"
| #define PACKAGE_STRING "ELF_Linker 1.0"
| #define PACKAGE_BUGREPORT "Guillaume.Huard@imag.fr"
| #define PACKAGE_URL ""
| #define PACKAGE "elf_linker"
| #define VERSION "1.0"
| #define STDC_HEADERS 1
| #define HAVE_SYS_TYPES_H 1
| #define HAVE_SYS_STAT_H 1
| #define HAVE_STDLIB_H 1
| #define HAVE_STRING_H 1
| #define HAVE_MEMORY_H 1
| #define HAVE_STRINGS_H 1
| #define HAVE_INTTYPES_H 1
| #define HAVE_STDINT_H 1
| #define HAVE_UNISTD_H 1
| #define HAVE_ARPA_INET_H 1
| #define HAVE_FCNTL_H 1
| #define HAVE_INTTYPES_H 1
| #define HAVE_NETDB_H 1
| #define HAVE_NETINET_IN_H 1
| #define HAVE_STDLIB_H 1
| #define HAVE_STRING_H 1
| #define HAVE_STRINGS_H 1
| #define HAVE_SYS_SOCKET_H 1
| #define HAVE_SYS_TIME_H 1
| #define HAVE_UNISTD_H 1
| /* end confdefs.h.  */
| #include <stdio.h>
| #ifdef HAVE_SYS_TYPES_H
| # include <sys/types.h>
| #endif
| #ifdef HAVE_SYS_STAT_H
| # include <sys/stat.h>
| #endif
| #ifdef STDC_HEADERS
| # include <stdlib.h>
| # include <stddef.h>
| #else
| # ifdef HAVE_STDLIB_H
| #  include <stdlib.h>
| # endif
| #endif
| #ifdef HAVE_STRING_H
| # if !defined STDC_HEADERS && defined HAVE_MEMORY_H
| #  include <memory.h>
| # endif
| # include <string.h>
| #endif
| #ifdef HAVE_STRINGS_H
| # include <strings.h>
| #endif
| #ifdef HAVE_INTTYPES_H
| # include <inttypes.h>
| #endif
| #ifdef HAVE_STDINT_H
| # include <stdint.h>
| #endif
| #ifdef HAVE_UNISTD_H
| # include <unistd.h>
| #endif
| 	        enum { N = 16 / 2 - 1 };
| int
| main ()
| {
| static int test_array [1 - 2 * !((int16_t) (((((int16_t) 1 << N) << N) - 1) * 2 + 1)
| 		 < (int16_t) (((((int16_t) 1 << N) << N) - 1) * 2 + 2))];
| test_array [0] = 0;
| return test_array [0];
| 
|   ;
|   return 0;
| }
configure:4656: result: yes
configure:4667: checking for int32_t
configure:4667: gcc -c -g -O2  conftest.c >&5
configure:4667: $? = 0
configure:4667: gcc -c -g -O2  conftest.c >&5
conftest.c: In function 'main':
conftest.c:70:67: warning: integer overflow in expression of type 'int' results in '-2147483648' [-Woverflow]
   70 |                  < (int32_t) (((((int32_t) 1 << N) << N) - 1) * 2 + 2))];
      |                                                                   ^
conftest.c:69:12: error: storage size of 'test_array' isn't constant
   69 | static int test_array [1 - 2 * !((int32_t) (((((int32_t) 1 << N) << N) - 1) * 2 + 1)
      |            ^~~~~~~~~~
configure:4667: $? = 1
configure: failed program was:
| /* confdefs.h */
| #define PACKAGE_NAME "ELF_Linker"
| #define PACKAGE_TARNAME "elf_linker"
| #define PACKAGE_VERSION "1.0"
| #define PACKAGE_STRING "ELF_Linker 1.0"
| #define PACKAGE_BUGREPORT "Guillaume.Huard@imag.fr"
| #define PACKAGE_URL ""
| #define PACKAGE "elf_linker"
| #define VERSION "1.0"
| #define STDC_HEADERS 1
| #define HAVE_SYS_TYPES_H 1
| #define HAVE_SYS_STAT_H 1
| #define HAVE_STDLIB_H 1
| #define HAVE_STRING_H 1
| #define HAVE_MEMORY_H 1
| #define HAVE_STRINGS_H 1
| #define HAVE_INTTYPES_H 1
| #define HAVE_STDINT_H 1
| #define HAVE_UNISTD_H 1
| #define HAVE_ARPA_INET_H 1
| #define HAVE_FCNTL_H 1
| #define HAVE_INTTYPES_H 1
| #define HAVE_NETDB_H 1
| #define HAVE_NETINET_IN_H 1
| #define HAVE_STDLIB_H 1
| #define HAVE_STRING_H 1
| #define HAVE_STRINGS_H 1
| #define HAVE_SYS_SOCKET_H 1
| #define HAVE_SYS_TIME_H 1
| #define HAVE_UNISTD_H 1
| /* end confdefs.h.  */
| #include <stdio.h>
| #ifdef HAVE_SYS_TYPES_H
| # include <sys/types.h>
| #endif
| #ifdef HAVE_SYS_STAT_H
| # include <sys/stat.h>
| #endif
| #ifdef STDC_HEADERS
| # include <stdlib.h>
| # include <stddef.h>
| #else
| # ifdef HAVE_STDLIB_H
| #  include <stdlib.h>
| # endif
| #endif
| #ifdef HAVE_STRING_H
| # if !defined STDC_HEADERS && defined HAVE_MEMORY_H
| #  include <memory.h>
| # endif
| # include <string.h>
| #endif
| #ifdef HAVE_STRINGS_H
| # include <strings.h>
| #endif
| #ifdef HAVE_INTTYPES_H
| # include <inttypes.h>
| #endif
| #ifdef HAVE_STDINT_H
| # include <stdint.h>
| #endif
| #ifdef HAVE_UNISTD_H
| # include <unistd.h>
| #endif
| 	        enum { N = 32 / 2 - 1 };
| int
| main ()
| {
| static int test_array [1 - 2 * !((int32_t) (((((int32_t) 1 << N) << N) - 1) * 2 + 1)
| 		 < (int32_t) (((((int32_t) 1 << N) << N) - 1) * 2 + 2))];
| test_array [0] = 0;
| return test_array [0];
| 
|   ;
|   return 0;
| }
configure:4667: result: yes
configure:4678: checking for int64_t
configure:4678: gcc -c -g -O2  conftest.c >&5
configure:4678: $? = 0
configure:4678: gcc -c -g -O2  conftest.c >&5
conftest.c: In function 'main':
conftest.c:70:67: warning: integer overflow in expression of type 'long int' results in '-9223372036854775808' [-Woverflow]
   70 |                  < (int64_t) (((((int64_t) 1 << N) << N) - 1) * 2 + 2))];
      |                                                                   ^
conftest.c:69:12: error: storage size of 'test_array' isn't constant
   69 | static int test_array [1 - 2 * !((int64_t) (((((int64_t) 1 << N) << N) - 1) * 2 + 1)
      |            ^~~~~~~~~~
configure:4678: $? = 1
configure: failed program was:
| /* confdefs.h */
| #define PACKAGE_NAME "ELF_Linker"
| #define PACKAGE_TARNAME "elf_linker"
| #define PACKAGE_VERSION "1.0"
| #define PACKAGE_STRING "ELF_Linker 1.0"
| #define PACKAGE_BUGREPORT "Guillaume.Huard@imag.fr"
| #define PACKAGE_URL ""
| #define PACKAGE "elf_linker"
| #define VERSION "1.0"
| #define STDC_HEADERS 1
| #define HAVE_SYS_TYPES_H 1
| #define HAVE_SYS_STAT_H 1
| #define HAVE_STDLIB_H 1
| #define HAVE_STRING_H 1
| #define HAVE_MEMORY_H 1
| #define HAVE_STRINGS_H 1
| #define HAVE_INTTYPES_H 1
| #define HAVE_STDINT_H 1
| #define HAVE_UNISTD_H 1
| #define HAVE_ARPA_INET_H 1
| #define HAVE_FCNTL_H 1
| #define HAVE_INTTYPES_H 1
| #define HAVE_NETDB_H 1
| #define HAVE_NETINET_IN_H 1
| #define HAVE_STDLIB_H 1
| #define HAVE_STRING_H 1
| #define HAVE_STRINGS_H 1
| #define HAVE_SYS_SOCKET_H 1
| #define HAVE_SYS_TIME_H 1
| #define HAVE_UNISTD_H 1
| /* end confdefs.h.  */
| #include <stdio.h>
| #ifdef HAVE_SYS_TYPES_H
| # include <sys/types.h>
| #endif
| #ifdef HAVE_SYS_STAT_H
| # include <sys/stat.h>
| #endif
| #ifdef STDC_HEADERS
| # include <stdlib.h>
| # include <stddef.h>
| #else
| # ifdef HAVE_STDLIB_H
| #  include <stdlib.h>
| # endif
| #endif
| #ifdef HAVE_STRING_H
| # if !defined STDC_HEADERS && defined HAVE_MEMORY_H
| #  include <memory.h>
| # endif
| # include <string.h>
| #endif
| #ifdef HAVE_STRINGS_H
| # include <strings.h>
| #endif
| #ifdef HAVE_INTTYPES_H
| # include <inttypes.h>
| #endif
| #ifdef HAVE_STDINT_H
| # include <stdint.h>
| #endif
| #ifdef HAVE_UNISTD_H
| # include <unistd.h>
| #endif
| 	        enum { N = 64 / 2 - 1 };
| int
| main ()
| {
| static int test_array [1 - 2 * !((int64_t) (((((int64_t) 1 << N) << N) - 1) * 2 + 1)
| 		 < (int64_t) (((((int64_t) 1 << N) << N) - 1) * 2 + 2))];
| test_array [0] = 0;
| return test_array [0];
| 
|   ;
|   return 0;
| }
configure:4678: result: yes
configure:4689: checking for uint8_t
configure:4689: gcc -c -g -O2  conftest.c >&5
configure:4689: $? = 0
configure:4689: result: yes
configure:4703: checking for uint16_t
configure:4703: gcc -c -g -O2  conftest.c >&5
configure:4703: $? = 0
configure:4703: result: yes
configure:4715: checking for uint32_t
configure:4715: gcc -c -g -O2  conftest.c >&5
configure:4715: $? = 0
configure:4715: result: yes
configure:4729: checking for uint64_t
configure:4729: gcc -c -g -O2  conftest.c >&5
configure:4729: $? = 0
configure:4729: result: yes
configure:4743: checking for error_at_line
configure:4759: gcc -o conftest -g -O2   conftest.c  >&5
configure:4759: $? = 0
configure:4767: result: yes
configure:4782: checking vfork.h usability
configure:4782: gcc -c -g -O2  conftest.c >&5
conftest.c:65:10: fatal error: vfork.h: No such file or directory
   65 | #include <vfork.h>
      |          ^~~~~~~~~
compilation terminated.
configure:4782: $? = 1
configure: failed program was:
| /* confdefs.h */
| #define PACKAGE_NAME "ELF_Linker"
| #define PACKAGE_TARNAME "elf_linker"
| #define PACKAGE_VERSION "1.0"
| #define PACKAGE_STRING "ELF_Linker 1.0"
| #define PACKAGE_BUGREPORT "Guillaume.Huard@imag.fr"
| #define PACKAGE_URL ""
| #define PACKAGE "elf_linker"
| #define VERSION "1.0"
| #define STDC_HEADERS 1
| #define HAVE_SYS_TYPES_H 1
| #define HAVE_SYS_STAT_H 1
| #define HAVE_STDLIB_H 1
| #define HAVE_STRING_H 1
| #define HAVE_MEMORY_H 1
| #define HAVE_STRINGS_H 1
| #define HAVE_INTTYPES_H 1
| #define HAVE_STDINT_H 1
| #define HAVE_UNISTD_H 1
| #define HAVE_ARPA_INET_H 1
| #define HAVE_FCNTL_H 1
| #define HAVE_INTTYPES_H 1
| #define HAVE_NETDB_H 1
| #define HAVE_NETINET_IN_H 1
| #define HAVE_STDLIB_H 1
| #define HAVE_STRING_H 1
| #define HAVE_STRINGS_H 1
| #define HAVE_SYS_SOCKET_H 1
| #define HAVE_SYS_TIME_H 1
| #define HAVE_UNISTD_H 1
| /* end confdefs.h.  */
| #include <stdio.h>
| #ifdef HAVE_SYS_TYPES_H
| # include <sys/types.h>
| #endif
| #ifdef HAVE_SYS_STAT_H
| # include <sys/stat.h>
| #endif
| #ifdef STDC_HEADERS
| # include <stdlib.h>
| # include <stddef.h>
| #else
| # ifdef HAVE_STDLIB_H
| #  include <stdlib.h>
| # endif
| #endif
| #ifdef HAVE_STRING_H
| # if !defined STDC_HEADERS && defined HAVE_MEMORY_H
| #  include <memory.h>
| # endif
| # include <string.h>
| #endif
| #ifdef HAVE_STRINGS_H
| # include <strings.h>
| #endif
| #ifdef HAVE_INTTYPES_H
| # include <inttypes.h>
| #endif
| #ifdef HAVE_STDINT_H
| # include <stdint.h>
| #endif
| #ifdef HAVE_UNISTD_H
| # include <unistd.h>
| #endif
| #include <vfork.h>
configure:4782: result: no
configure:4782: checking vfork.h presence
configure:4782: gcc -E  conftest.c
conftest.c:32:10: fatal error: vfork.h: No such file or directory
   32 | #include <vfork.h>
      |          ^~~~~~~~~
compilation terminated.
configure:4782: $? = 1
configure: failed program was:
| /* confdefs.h */
| #define PACKAGE_NAME "ELF_Linker"
| #define PACKAGE_TARNAME "elf_linker"
| #define PACKAGE_VERSION "1.0"
| #define PACKAGE_STRING "ELF_Linker 1.0"
| #define PACKAGE_BUGREPORT "Guillaume.Huard@imag.fr"
| #define PACKAGE_URL ""
| #define PACKAGE "elf_linker"
| #define VERSION "1.0"
| #define STDC_HEADERS 1
| #define HAVE_SYS_TYPES_H 1
| #define HAVE_SYS_STAT_H 1
| #define HAVE_STDLIB_H 1
| #define HAVE_STRING_H 1
| #define HAVE_MEMORY_H 1
| #define HAVE_STRINGS_H 1
| #define HAVE_INTTYPES_H 1
| #define HAVE_STDINT_H 1
| #define HAVE_UNISTD_H 1
| #define HAVE_ARPA_INET_H 1
| #define HAVE_FCNTL_H 1
| #define HAVE_INTTYPES_H 1
| #define HAVE_NETDB_H 1
| #define HAVE_NETINET_IN_H 1
| #define HAVE_STDLIB_H 1
| #define HAVE_STRING_H 1
| #define HAVE_STRINGS_H 1
| #define HAVE_SYS_SOCKET_H 1
| #define HAVE_SYS_TIME_H 1
| #define HAVE_UNISTD_H 1
| /* end confdefs.h.  */
| #include <vfork.h>
configure:4782: result: no
configure:4782: checking for vfork.h
configure:4782: result: no
configure:4795: checking for fork
configure:4795: gcc -o conftest -g -O2   conftest.c  >&5
conftest.c:55:6: warning: conflicting types for built-in function 'fork'; expected 'int(void)' [-Wbuiltin-declaration-mismatch]
   55 | char fork ();
      |      ^~~~
configure:4795: $? = 0
configure:4795: result: yes
configure:4795: checking for vfork
configure:4795: gcc -o conftest -g -O2   conftest.c  >&5
configure:4795: $? = 0
configure:4795: result: yes
configure:4805: checking for working fork
configure:4827: gcc -o conftest -g -O2   conftest.c  >&5
configure:4827: $? = 0
configure:4827: ./conftest
configure:4827: $? = 0
configure:4837: result: yes
configure:4858: checking for working vfork
configure:4968: result: yes
configure:4995: checking for stdlib.h
configure:4995: result: yes
configure:5005: checking for GNU libc compatible malloc
configure:5029: gcc -o conftest -g -O2   conftest.c  >&5
configure:5029: $? = 0
configure:5029: ./conftest
configure:5029: $? = 0
configure:5039: result: yes
configure:5066: checking for stdlib.h
configure:5066: result: yes
configure:5066: checking for unistd.h
configure:5066: result: yes
configure:5066: checking for sys/param.h
configure:5066: gcc -c -g -O2  conftest.c >&5
configure:5066: $? = 0
configure:5066: result: yes
configure:5086: checking for getpagesize
configure:5086: gcc -o conftest -g -O2   conftest.c  >&5
configure:5086: $? = 0
configure:5086: result: yes
configure:5095: checking for working mmap
configure:5244: gcc -o conftest -g -O2   conftest.c  >&5
configure:5244: $? = 0
configure:5244: ./conftest
configure:5244: $? = 0
configure:5254: result: yes
configure:5265: checking for stdlib.h
configure:5265: result: yes
configure:5275: checking for GNU libc compatible realloc
configure:5299: gcc -o conftest -g -O2   conftest.c  >&5
configure:5299: $? = 0
configure:5299: ./conftest
configure:5299: $? = 0
configure:5309: result: yes
configure:5333: checking for alarm
configure:5333: gcc -o conftest -g -O2   conftest.c  >&5
configure:5333: $? = 0
configure:5333: result: yes
configure:5333: checking for bzero
configure:5333: gcc -o conftest -g -O2   conftest.c  >&5
conftest.c:69:6: warning: conflicting types for built-in function 'bzero'; expected 'void(void *, long unsigned int)' [-Wbuiltin-declaration-mismatch]
   69 | char bzero ();
      |      ^~~~~
configure:5333: $? = 0
configure:5333: result: yes
configure:5333: checking for dup2
configure:5333: gcc -o conftest -g -O2   conftest.c  >&5
configure:5333: $? = 0
configure:5333: result: yes
configure:5333: checking for gethostbyaddr
configure:5333: gcc -o conftest -g -O2   conftest.c  >&5
configure:5333: $? = 0
configure:5333: result: yes
configure:5333: checking for gethostbyname
configure:5333: gcc -o conftest -g -O2   conftest.c  >&5
configure:5333: $? = 0
configure:5333: result: yes
configure:5333: checking for munmap
configure:5333: gcc -o conftest -g -O2   conftest.c  >&5
configure:5333: $? = 0
configure:5333: result: yes
configure:5333: checking for select
configure:5333: gcc -o conftest -g -O2   conftest.c  >&5
configure:5333: $? = 0
configure:5333: result: yes
configure:5333: checking for socket
configure:5333: gcc -o conftest -g -O2   conftest.c  >&5
configure:5333: $? = 0
configure:5333: result: yes
configure:5333: checking for strerror
configure:5333: gcc -o conftest -g -O2   conftest.c  >&5
configure:5333: $? = 0
configure:5333: result: yes
configure:5333: checking for memset
configure:5333: gcc -o conftest -g -O2   conftest.c  >&5
conftest.c:77:6: warning: conflicting types for built-in function 'memset'; expected 'void *(void *, int,  long unsigned int)' [-Wbuiltin-declaration-mismatch]
   77 | char memset ();
      |      ^~~~~~
conftest.c:65:1: note: 'memset' is declared in header '<string.h>'
   64 | # include <limits.h>
   65 | #else
configure:5333: $? = 0
configure:5333: result: yes
configure:5360: checking for arm-elf-gcc
configure:5390: result: no
configure:5360: checking for arm-linux-gnueabi-gcc
configure:5390: result: no
configure:5360: checking for arm-eabi-gcc
configure:5390: result: no
configure:5360: checking for arm-none-eabi-gcc
configure:5376: found /usr/bin/arm-none-eabi-gcc
configure:5387: result: arm-none-eabi-gcc
configure:5434: enabling the Examples directory with arm-none-eabi cross-compiler target
configure:5612: checking that generated files are newer than configure
configure:5618: result: done
configure:5645: creating ./config.status

## ---------------------- ##
## Running config.status. ##
## ---------------------- ##

This file was extended by ELF_Linker config.status 1.0, which was
generated by GNU Autoconf 2.69.  Invocation command line was

  CONFIG_FILES    = 
  CONFIG_HEADERS  = 
  CONFIG_LINKS    = 
  CONFIG_COMMANDS = 
  $ ./config.status 

on ubuntu-virtual

config.status:789: creating Makefile
config.status:961: executing depfiles commands
config.status:1038: cd .       && sed -e '/# am--include-marker/d' Makefile         | make -f - am--depfiles
make: Nothing to be done for 'am--depfiles'.
config.status:1043: $? = 0
configure:6858: === configuring in Examples_fusion (/home/ubuntu/Documents/elf_linker-1.0/Examples_fusion)
configure:6921: running /bin/bash ./configure --disable-option-checking '--prefix=/usr/local'  '--host=arm-none-eabi' '--enable-arm-compiler' --cache-file=/dev/null --srcdir=.

## ---------------- ##
## Cache variables. ##
## ---------------- ##

ac_cv_c_compiler_gnu=yes
ac_cv_c_int16_t=yes
ac_cv_c_int32_t=yes
ac_cv_c_int64_t=yes
ac_cv_c_int8_t=yes
ac_cv_c_uint16_t=yes
ac_cv_c_uint32_t=yes
ac_cv_c_uint64_t=yes
ac_cv_c_uint8_t=yes
ac_cv_env_CC_set=
ac_cv_env_CC_value=
ac_cv_env_CFLAGS_set=
ac_cv_env_CFLAGS_value=
ac_cv_env_CPPFLAGS_set=
ac_cv_env_CPPFLAGS_value=
ac_cv_env_CPP_set=
ac_cv_env_CPP_value=
ac_cv_env_LDFLAGS_set=
ac_cv_env_LDFLAGS_value=
ac_cv_env_LIBS_set=
ac_cv_env_LIBS_value=
ac_cv_env_build_alias_set=
ac_cv_env_build_alias_value=
ac_cv_env_host_alias_set=
ac_cv_env_host_alias_value=
ac_cv_env_target_alias_set=
ac_cv_env_target_alias_value=
ac_cv_func_alarm=yes
ac_cv_func_bzero=yes
ac_cv_func_dup2=yes
ac_cv_func_fork=yes
ac_cv_func_fork_works=yes
ac_cv_func_gethostbyaddr=yes
ac_cv_func_gethostbyname=yes
ac_cv_func_getpagesize=yes
ac_cv_func_malloc_0_nonnull=yes
ac_cv_func_memset=yes
ac_cv_func_mmap_fixed_mapped=yes
ac_cv_func_munmap=yes
ac_cv_func_realloc_0_nonnull=yes
ac_cv_func_select=yes
ac_cv_func_socket=yes
ac_cv_func_strerror=yes
ac_cv_func_vfork=yes
ac_cv_func_vfork_works=yes
ac_cv_header_arpa_inet_h=yes
ac_cv_header_fcntl_h=yes
ac_cv_header_inttypes_h=yes
ac_cv_header_memory_h=yes
ac_cv_header_netdb_h=yes
ac_cv_header_netinet_in_h=yes
ac_cv_header_stdc=yes
ac_cv_header_stdint_h=yes
ac_cv_header_stdlib_h=yes
ac_cv_header_string_h=yes
ac_cv_header_strings_h=yes
ac_cv_header_sys_param_h=yes
ac_cv_header_sys_socket_h=yes
ac_cv_header_sys_stat_h=yes
ac_cv_header_sys_time_h=yes
ac_cv_header_sys_types_h=yes
ac_cv_header_unistd_h=yes
ac_cv_header_vfork_h=no
ac_cv_lib_error_at_line=yes
ac_cv_objext=o
ac_cv_path_EGREP='/usr/bin/grep -E'
ac_cv_path_GREP=/usr/bin/grep
ac_cv_path_install='/usr/bin/install -c'
ac_cv_path_mkdir=/usr/bin/mkdir
ac_cv_prog_AWK=mawk
ac_cv_prog_CPP='gcc -E'
ac_cv_prog_GCC_CROSS=arm-none-eabi-gcc
ac_cv_prog_ac_ct_CC=gcc
ac_cv_prog_cc_c89=
ac_cv_prog_cc_g=yes
ac_cv_prog_make_make_set=yes
ac_cv_type_mode_t=yes
ac_cv_type_off_t=yes
ac_cv_type_pid_t=yes
ac_cv_type_size_t=yes
ac_cv_type_ssize_t=yes
am_cv_CC_dependencies_compiler_type=gcc3
am_cv_make_support_nested_variables=yes
am_cv_prog_cc_c_o=yes

## ----------------- ##
## Output variables. ##
## ----------------- ##

ACLOCAL='${SHELL} /home/ubuntu/Documents/elf_linker-1.0/build-aux/missing aclocal-1.16'
AMDEPBACKSLASH='\'
AMDEP_FALSE='#'
AMDEP_TRUE=''
AMTAR='$${TAR-tar}'
AM_BACKSLASH='\'
AM_DEFAULT_V='$(AM_DEFAULT_VERBOSITY)'
AM_DEFAULT_VERBOSITY='1'
AM_V='$(V)'
AUTOCONF='${SHELL} /home/ubuntu/Documents/elf_linker-1.0/build-aux/missing autoconf'
AUTOHEADER='${SHELL} /home/ubuntu/Documents/elf_linker-1.0/build-aux/missing autoheader'
AUTOMAKE='${SHELL} /home/ubuntu/Documents/elf_linker-1.0/build-aux/missing automake-1.16'
AWK='mawk'
CC='gcc'
CCDEPMODE='depmode=gcc3'
CFLAGS='-g -O2'
CPP='gcc -E'
CPPFLAGS=''
CYGPATH_W='echo'
DEFS='-DPACKAGE_NAME=\"ELF_Linker\" -DPACKAGE_TARNAME=\"elf_linker\" -DPACKAGE_VERSION=\"1.0\" -DPACKAGE_STRING=\"ELF_Linker\ 1.0\" -DPACKAGE_BUGREPORT=\"Guillaume.Huard@imag.fr\" -DPACKAGE_URL=\"\" -DPACKAGE=\"elf_linker\" -DVERSION=\"1.0\" -DSTDC_HEADERS=1 -DHAVE_SYS_TYPES_H=1 -DHAVE_SYS_STAT_H=1 -DHAVE_STDLIB_H=1 -DHAVE_STRING_H=1 -DHAVE_MEMORY_H=1 -DHAVE_STRINGS_H=1 -DHAVE_INTTYPES_H=1 -DHAVE_STDINT_H=1 -DHAVE_UNISTD_H=1 -DHAVE_ARPA_INET_H=1 -DHAVE_FCNTL_H=1 -DHAVE_INTTYPES_H=1 -DHAVE_NETDB_H=1 -DHAVE_NETINET_IN_H=1 -DHAVE_STDLIB_H=1 -DHAVE_STRING_H=1 -DHAVE_STRINGS_H=1 -DHAVE_SYS_SOCKET_H=1 -DHAVE_SYS_TIME_H=1 -DHAVE_UNISTD_H=1 -DHAVE_FORK=1 -DHAVE_VFORK=1 -DHAVE_WORKING_VFORK=1 -DHAVE_WORKING_FORK=1 -DHAVE_STDLIB_H=1 -DHAVE_MALLOC=1 -DHAVE_STDLIB_H=1 -DHAVE_UNISTD_H=1 -DHAVE_SYS_PARAM_H=1 -DHAVE_GETPAGESIZE=1 -DHAVE_MMAP=1 -DHAVE_STDLIB_H=1 -DHAVE_REALLOC=1 -DHAVE_ALARM=1 -DHAVE_BZERO=1 -DHAVE_DUP2=1 -DHAVE_GETHOSTBYADDR=1 -DHAVE_GETHOSTBYNAME=1 -DHAVE_MUNMAP=1 -DHAVE_SELECT=1 -DHAVE_SOCKET=1 -DHAVE_STRERROR=1 -DHAVE_MEMSET=1'
DEPDIR='.deps'
ECHO_C=''
ECHO_N='-n'
ECHO_T=''
EGREP='/usr/bin/grep -E'
EXEEXT=''
GCC_CROSS='arm-none-eabi-gcc'
GREP='/usr/bin/grep'
HAVE_ARM_COMPILER_FALSE='#'
HAVE_ARM_COMPILER_TRUE=''
INSTALL_DATA='${INSTALL} -m 644'
INSTALL_PROGRAM='${INSTALL}'
INSTALL_SCRIPT='${INSTALL}'
INSTALL_STRIP_PROGRAM='$(install_sh) -c -s'
LDFLAGS=''
LEX='${SHELL} /home/ubuntu/Documents/elf_linker-1.0/build-aux/missing flex'
LEXLIB=''
LEX_OUTPUT_ROOT=''
LIBOBJS=''
LIBS=''
LTLIBOBJS=''
MAKEINFO='${SHELL} /home/ubuntu/Documents/elf_linker-1.0/build-aux/missing makeinfo'
MKDIR_P='/usr/bin/mkdir -p'
OBJEXT='o'
PACKAGE='elf_linker'
PACKAGE_BUGREPORT='Guillaume.Huard@imag.fr'
PACKAGE_NAME='ELF_Linker'
PACKAGE_STRING='ELF_Linker 1.0'
PACKAGE_TARNAME='elf_linker'
PACKAGE_URL=''
PACKAGE_VERSION='1.0'
PATH_SEPARATOR=':'
SET_MAKE=''
SHELL='/bin/bash'
STRIP=''
VERSION='1.0'
ac_ct_CC='gcc'
am__EXEEXT_FALSE=''
am__EXEEXT_TRUE='#'
am__fastdepCC_FALSE='#'
am__fastdepCC_TRUE=''
am__include='include'
am__isrc=''
am__leading_dot='.'
am__nodep='_no'
am__quote=''
am__tar='$${TAR-tar} chof - "$$tardir"'
am__untar='$${TAR-tar} xf -'
bindir='${exec_prefix}/bin'
build_alias=''
datadir='${datarootdir}'
datarootdir='${prefix}/share'
docdir='${datarootdir}/doc/${PACKAGE_TARNAME}'
dvidir='${docdir}'
exec_prefix='${prefix}'
host_alias=''
htmldir='${docdir}'
includedir='${prefix}/include'
infodir='${datarootdir}/info'
install_sh='${SHELL} /home/ubuntu/Documents/elf_linker-1.0/build-aux/install-sh'
libdir='${exec_prefix}/lib'
libexecdir='${exec_prefix}/libexec'
localedir='${datarootdir}/locale'
localstatedir='${prefix}/var'
mandir='${datarootdir}/man'
mkdir_p='$(MKDIR_P)'
oldincludedir='/usr/include'
pdfdir='${docdir}'
prefix='/usr/local'
program_transform_name='s,x,x,'
psdir='${docdir}'
runstatedir='${localstatedir}/run'
sbindir='${exec_prefix}/sbin'
sharedstatedir='${prefix}/com'
subdirs_custom=' Examples_loader Examples_fusion'
sysconfdir='${prefix}/etc'
target_alias=''

## ----------- ##
## confdefs.h. ##
## ----------- ##

/* confdefs.h */
#define PACKAGE_NAME "ELF_Linker"
#define PACKAGE_TARNAME "elf_linker"
#define PACKAGE_VERSION "1.0"
#define PACKAGE_STRING "ELF_Linker 1.0"
#define PACKAGE_BUGREPORT "Guillaume.Huard@imag.fr"
#define PACKAGE_URL ""
#define PACKAGE "elf_linker"
#define VERSION "1.0"
#define STDC_HEADERS 1
#define HAVE_SYS_TYPES_H 1
#define HAVE_SYS_STAT_H 1
#define HAVE_STDLIB_H 1
#define HAVE_STRING_H 1
#define HAVE_MEMORY_H 1
#define HAVE_STRINGS_H 1
#define HAVE_INTTYPES_H 1
#define HAVE_STDINT_H 1
#define HAVE_UNISTD_H 1
#define HAVE_ARPA_INET_H 1
#define HAVE_FCNTL_H 1
#define HAVE_INTTYPES_H 1
#define HAVE_NETDB_H 1
#define HAVE_NETINET_IN_H 1
#define HAVE_STDLIB_H 1
#define HAVE_STRING_H 1
#define HAVE_STRINGS_H 1
#define HAVE_SYS_SOCKET_H 1
#define HAVE_SYS_TIME_H 1
#define HAVE_UNISTD_H 1
#define HAVE_FORK 1
#define HAVE_VFORK 1
#define HAVE_WORKING_VFORK 1
#define HAVE_WORKING_FORK 1
#define HAVE_STDLIB_H 1
#define HAVE_MALLOC 1
#define HAVE_STDLIB_H 1
#define HAVE_UNISTD_H 1
#define HAVE_SYS_PARAM_H 1
#define HAVE_GETPAGESIZE 1
#define HAVE_MMAP 1
#define HAVE_STDLIB_H 1
#define HAVE_REALLOC 1
#define HAVE_ALARM 1
#define HAVE_BZERO 1
#define HAVE_DUP2 1
#define HAVE_GETHOSTBYADDR 1
#define HAVE_GETHOSTBYNAME 1
#define HAVE_MUNMAP 1
#define HAVE_SELECT 1
#define HAVE_SOCKET 1
#define HAVE_STRERROR 1
#define HAVE_MEMSET 1

configure: exit 0
